# ******************************************************
# PLUTO 4.4-patch3 (Sep 2024) Grid File
# Generated on  Thu Nov  6 21:09:04 2025
# 
# DIMENSIONS: 2
# GEOMETRY:   CARTESIAN
# X1: [-0.500000,  0.500000], 256 point(s), 3 ghosts
# X2: [-1.000000,  1.000000], 512 point(s), 3 ghosts
# ******************************************************
256 
 1   -5.000000000000e-01    -4.960937500000e-01
 2   -4.960937500000e-01    -4.921875000000e-01
 3   -4.921875000000e-01    -4.882812500000e-01
 4   -4.882812500000e-01    -4.843750000000e-01
 5   -4.843750000000e-01    -4.804687500000e-01
 6   -4.804687500000e-01    -4.765625000000e-01
 7   -4.765625000000e-01    -4.726562500000e-01
 8   -4.726562500000e-01    -4.687500000000e-01
 9   -4.687500000000e-01    -4.648437500000e-01
 10   -4.648437500000e-01    -4.609375000000e-01
 11   -4.609375000000e-01    -4.570312500000e-01
 12   -4.570312500000e-01    -4.531250000000e-01
 13   -4.531250000000e-01    -4.492187500000e-01
 14   -4.492187500000e-01    -4.453125000000e-01
 15   -4.453125000000e-01    -4.414062500000e-01
 16   -4.414062500000e-01    -4.375000000000e-01
 17   -4.375000000000e-01    -4.335937500000e-01
 18   -4.335937500000e-01    -4.296875000000e-01
 19   -4.296875000000e-01    -4.257812500000e-01
 20   -4.257812500000e-01    -4.218750000000e-01
 21   -4.218750000000e-01    -4.179687500000e-01
 22   -4.179687500000e-01    -4.140625000000e-01
 23   -4.140625000000e-01    -4.101562500000e-01
 24   -4.101562500000e-01    -4.062500000000e-01
 25   -4.062500000000e-01    -4.023437500000e-01
 26   -4.023437500000e-01    -3.984375000000e-01
 27   -3.984375000000e-01    -3.945312500000e-01
 28   -3.945312500000e-01    -3.906250000000e-01
 29   -3.906250000000e-01    -3.867187500000e-01
 30   -3.867187500000e-01    -3.828125000000e-01
 31   -3.828125000000e-01    -3.789062500000e-01
 32   -3.789062500000e-01    -3.750000000000e-01
 33   -3.750000000000e-01    -3.710937500000e-01
 34   -3.710937500000e-01    -3.671875000000e-01
 35   -3.671875000000e-01    -3.632812500000e-01
 36   -3.632812500000e-01    -3.593750000000e-01
 37   -3.593750000000e-01    -3.554687500000e-01
 38   -3.554687500000e-01    -3.515625000000e-01
 39   -3.515625000000e-01    -3.476562500000e-01
 40   -3.476562500000e-01    -3.437500000000e-01
 41   -3.437500000000e-01    -3.398437500000e-01
 42   -3.398437500000e-01    -3.359375000000e-01
 43   -3.359375000000e-01    -3.320312500000e-01
 44   -3.320312500000e-01    -3.281250000000e-01
 45   -3.281250000000e-01    -3.242187500000e-01
 46   -3.242187500000e-01    -3.203125000000e-01
 47   -3.203125000000e-01    -3.164062500000e-01
 48   -3.164062500000e-01    -3.125000000000e-01
 49   -3.125000000000e-01    -3.085937500000e-01
 50   -3.085937500000e-01    -3.046875000000e-01
 51   -3.046875000000e-01    -3.007812500000e-01
 52   -3.007812500000e-01    -2.968750000000e-01
 53   -2.968750000000e-01    -2.929687500000e-01
 54   -2.929687500000e-01    -2.890625000000e-01
 55   -2.890625000000e-01    -2.851562500000e-01
 56   -2.851562500000e-01    -2.812500000000e-01
 57   -2.812500000000e-01    -2.773437500000e-01
 58   -2.773437500000e-01    -2.734375000000e-01
 59   -2.734375000000e-01    -2.695312500000e-01
 60   -2.695312500000e-01    -2.656250000000e-01
 61   -2.656250000000e-01    -2.617187500000e-01
 62   -2.617187500000e-01    -2.578125000000e-01
 63   -2.578125000000e-01    -2.539062500000e-01
 64   -2.539062500000e-01    -2.500000000000e-01
 65   -2.500000000000e-01    -2.460937500000e-01
 66   -2.460937500000e-01    -2.421875000000e-01
 67   -2.421875000000e-01    -2.382812500000e-01
 68   -2.382812500000e-01    -2.343750000000e-01
 69   -2.343750000000e-01    -2.304687500000e-01
 70   -2.304687500000e-01    -2.265625000000e-01
 71   -2.265625000000e-01    -2.226562500000e-01
 72   -2.226562500000e-01    -2.187500000000e-01
 73   -2.187500000000e-01    -2.148437500000e-01
 74   -2.148437500000e-01    -2.109375000000e-01
 75   -2.109375000000e-01    -2.070312500000e-01
 76   -2.070312500000e-01    -2.031250000000e-01
 77   -2.031250000000e-01    -1.992187500000e-01
 78   -1.992187500000e-01    -1.953125000000e-01
 79   -1.953125000000e-01    -1.914062500000e-01
 80   -1.914062500000e-01    -1.875000000000e-01
 81   -1.875000000000e-01    -1.835937500000e-01
 82   -1.835937500000e-01    -1.796875000000e-01
 83   -1.796875000000e-01    -1.757812500000e-01
 84   -1.757812500000e-01    -1.718750000000e-01
 85   -1.718750000000e-01    -1.679687500000e-01
 86   -1.679687500000e-01    -1.640625000000e-01
 87   -1.640625000000e-01    -1.601562500000e-01
 88   -1.601562500000e-01    -1.562500000000e-01
 89   -1.562500000000e-01    -1.523437500000e-01
 90   -1.523437500000e-01    -1.484375000000e-01
 91   -1.484375000000e-01    -1.445312500000e-01
 92   -1.445312500000e-01    -1.406250000000e-01
 93   -1.406250000000e-01    -1.367187500000e-01
 94   -1.367187500000e-01    -1.328125000000e-01
 95   -1.328125000000e-01    -1.289062500000e-01
 96   -1.289062500000e-01    -1.250000000000e-01
 97   -1.250000000000e-01    -1.210937500000e-01
 98   -1.210937500000e-01    -1.171875000000e-01
 99   -1.171875000000e-01    -1.132812500000e-01
 100   -1.132812500000e-01    -1.093750000000e-01
 101   -1.093750000000e-01    -1.054687500000e-01
 102   -1.054687500000e-01    -1.015625000000e-01
 103   -1.015625000000e-01    -9.765625000000e-02
 104   -9.765625000000e-02    -9.375000000000e-02
 105   -9.375000000000e-02    -8.984375000000e-02
 106   -8.984375000000e-02    -8.593750000000e-02
 107   -8.593750000000e-02    -8.203125000000e-02
 108   -8.203125000000e-02    -7.812500000000e-02
 109   -7.812500000000e-02    -7.421875000000e-02
 110   -7.421875000000e-02    -7.031250000000e-02
 111   -7.031250000000e-02    -6.640625000000e-02
 112   -6.640625000000e-02    -6.250000000000e-02
 113   -6.250000000000e-02    -5.859375000000e-02
 114   -5.859375000000e-02    -5.468750000000e-02
 115   -5.468750000000e-02    -5.078125000000e-02
 116   -5.078125000000e-02    -4.687500000000e-02
 117   -4.687500000000e-02    -4.296875000000e-02
 118   -4.296875000000e-02    -3.906250000000e-02
 119   -3.906250000000e-02    -3.515625000000e-02
 120   -3.515625000000e-02    -3.125000000000e-02
 121   -3.125000000000e-02    -2.734375000000e-02
 122   -2.734375000000e-02    -2.343750000000e-02
 123   -2.343750000000e-02    -1.953125000000e-02
 124   -1.953125000000e-02    -1.562500000000e-02
 125   -1.562500000000e-02    -1.171875000000e-02
 126   -1.171875000000e-02    -7.812500000000e-03
 127   -7.812500000000e-03    -3.906250000000e-03
 128   -3.906250000000e-03    0.000000000000e+00
 129   0.000000000000e+00    3.906250000000e-03
 130   3.906250000000e-03    7.812500000000e-03
 131   7.812500000000e-03    1.171875000000e-02
 132   1.171875000000e-02    1.562500000000e-02
 133   1.562500000000e-02    1.953125000000e-02
 134   1.953125000000e-02    2.343750000000e-02
 135   2.343750000000e-02    2.734375000000e-02
 136   2.734375000000e-02    3.125000000000e-02
 137   3.125000000000e-02    3.515625000000e-02
 138   3.515625000000e-02    3.906250000000e-02
 139   3.906250000000e-02    4.296875000000e-02
 140   4.296875000000e-02    4.687500000000e-02
 141   4.687500000000e-02    5.078125000000e-02
 142   5.078125000000e-02    5.468750000000e-02
 143   5.468750000000e-02    5.859375000000e-02
 144   5.859375000000e-02    6.250000000000e-02
 145   6.250000000000e-02    6.640625000000e-02
 146   6.640625000000e-02    7.031250000000e-02
 147   7.031250000000e-02    7.421875000000e-02
 148   7.421875000000e-02    7.812500000000e-02
 149   7.812500000000e-02    8.203125000000e-02
 150   8.203125000000e-02    8.593750000000e-02
 151   8.593750000000e-02    8.984375000000e-02
 152   8.984375000000e-02    9.375000000000e-02
 153   9.375000000000e-02    9.765625000000e-02
 154   9.765625000000e-02    1.015625000000e-01
 155   1.015625000000e-01    1.054687500000e-01
 156   1.054687500000e-01    1.093750000000e-01
 157   1.093750000000e-01    1.132812500000e-01
 158   1.132812500000e-01    1.171875000000e-01
 159   1.171875000000e-01    1.210937500000e-01
 160   1.210937500000e-01    1.250000000000e-01
 161   1.250000000000e-01    1.289062500000e-01
 162   1.289062500000e-01    1.328125000000e-01
 163   1.328125000000e-01    1.367187500000e-01
 164   1.367187500000e-01    1.406250000000e-01
 165   1.406250000000e-01    1.445312500000e-01
 166   1.445312500000e-01    1.484375000000e-01
 167   1.484375000000e-01    1.523437500000e-01
 168   1.523437500000e-01    1.562500000000e-01
 169   1.562500000000e-01    1.601562500000e-01
 170   1.601562500000e-01    1.640625000000e-01
 171   1.640625000000e-01    1.679687500000e-01
 172   1.679687500000e-01    1.718750000000e-01
 173   1.718750000000e-01    1.757812500000e-01
 174   1.757812500000e-01    1.796875000000e-01
 175   1.796875000000e-01    1.835937500000e-01
 176   1.835937500000e-01    1.875000000000e-01
 177   1.875000000000e-01    1.914062500000e-01
 178   1.914062500000e-01    1.953125000000e-01
 179   1.953125000000e-01    1.992187500000e-01
 180   1.992187500000e-01    2.031250000000e-01
 181   2.031250000000e-01    2.070312500000e-01
 182   2.070312500000e-01    2.109375000000e-01
 183   2.109375000000e-01    2.148437500000e-01
 184   2.148437500000e-01    2.187500000000e-01
 185   2.187500000000e-01    2.226562500000e-01
 186   2.226562500000e-01    2.265625000000e-01
 187   2.265625000000e-01    2.304687500000e-01
 188   2.304687500000e-01    2.343750000000e-01
 189   2.343750000000e-01    2.382812500000e-01
 190   2.382812500000e-01    2.421875000000e-01
 191   2.421875000000e-01    2.460937500000e-01
 192   2.460937500000e-01    2.500000000000e-01
 193   2.500000000000e-01    2.539062500000e-01
 194   2.539062500000e-01    2.578125000000e-01
 195   2.578125000000e-01    2.617187500000e-01
 196   2.617187500000e-01    2.656250000000e-01
 197   2.656250000000e-01    2.695312500000e-01
 198   2.695312500000e-01    2.734375000000e-01
 199   2.734375000000e-01    2.773437500000e-01
 200   2.773437500000e-01    2.812500000000e-01
 201   2.812500000000e-01    2.851562500000e-01
 202   2.851562500000e-01    2.890625000000e-01
 203   2.890625000000e-01    2.929687500000e-01
 204   2.929687500000e-01    2.968750000000e-01
 205   2.968750000000e-01    3.007812500000e-01
 206   3.007812500000e-01    3.046875000000e-01
 207   3.046875000000e-01    3.085937500000e-01
 208   3.085937500000e-01    3.125000000000e-01
 209   3.125000000000e-01    3.164062500000e-01
 210   3.164062500000e-01    3.203125000000e-01
 211   3.203125000000e-01    3.242187500000e-01
 212   3.242187500000e-01    3.281250000000e-01
 213   3.281250000000e-01    3.320312500000e-01
 214   3.320312500000e-01    3.359375000000e-01
 215   3.359375000000e-01    3.398437500000e-01
 216   3.398437500000e-01    3.437500000000e-01
 217   3.437500000000e-01    3.476562500000e-01
 218   3.476562500000e-01    3.515625000000e-01
 219   3.515625000000e-01    3.554687500000e-01
 220   3.554687500000e-01    3.593750000000e-01
 221   3.593750000000e-01    3.632812500000e-01
 222   3.632812500000e-01    3.671875000000e-01
 223   3.671875000000e-01    3.710937500000e-01
 224   3.710937500000e-01    3.750000000000e-01
 225   3.750000000000e-01    3.789062500000e-01
 226   3.789062500000e-01    3.828125000000e-01
 227   3.828125000000e-01    3.867187500000e-01
 228   3.867187500000e-01    3.906250000000e-01
 229   3.906250000000e-01    3.945312500000e-01
 230   3.945312500000e-01    3.984375000000e-01
 231   3.984375000000e-01    4.023437500000e-01
 232   4.023437500000e-01    4.062500000000e-01
 233   4.062500000000e-01    4.101562500000e-01
 234   4.101562500000e-01    4.140625000000e-01
 235   4.140625000000e-01    4.179687500000e-01
 236   4.179687500000e-01    4.218750000000e-01
 237   4.218750000000e-01    4.257812500000e-01
 238   4.257812500000e-01    4.296875000000e-01
 239   4.296875000000e-01    4.335937500000e-01
 240   4.335937500000e-01    4.375000000000e-01
 241   4.375000000000e-01    4.414062500000e-01
 242   4.414062500000e-01    4.453125000000e-01
 243   4.453125000000e-01    4.492187500000e-01
 244   4.492187500000e-01    4.531250000000e-01
 245   4.531250000000e-01    4.570312500000e-01
 246   4.570312500000e-01    4.609375000000e-01
 247   4.609375000000e-01    4.648437500000e-01
 248   4.648437500000e-01    4.687500000000e-01
 249   4.687500000000e-01    4.726562500000e-01
 250   4.726562500000e-01    4.765625000000e-01
 251   4.765625000000e-01    4.804687500000e-01
 252   4.804687500000e-01    4.843750000000e-01
 253   4.843750000000e-01    4.882812500000e-01
 254   4.882812500000e-01    4.921875000000e-01
 255   4.921875000000e-01    4.960937500000e-01
 256   4.960937500000e-01    5.000000000000e-01
512 
 1   -1.000000000000e+00    -9.960937500000e-01
 2   -9.960937500000e-01    -9.921875000000e-01
 3   -9.921875000000e-01    -9.882812500000e-01
 4   -9.882812500000e-01    -9.843750000000e-01
 5   -9.843750000000e-01    -9.804687500000e-01
 6   -9.804687500000e-01    -9.765625000000e-01
 7   -9.765625000000e-01    -9.726562500000e-01
 8   -9.726562500000e-01    -9.687500000000e-01
 9   -9.687500000000e-01    -9.648437500000e-01
 10   -9.648437500000e-01    -9.609375000000e-01
 11   -9.609375000000e-01    -9.570312500000e-01
 12   -9.570312500000e-01    -9.531250000000e-01
 13   -9.531250000000e-01    -9.492187500000e-01
 14   -9.492187500000e-01    -9.453125000000e-01
 15   -9.453125000000e-01    -9.414062500000e-01
 16   -9.414062500000e-01    -9.375000000000e-01
 17   -9.375000000000e-01    -9.335937500000e-01
 18   -9.335937500000e-01    -9.296875000000e-01
 19   -9.296875000000e-01    -9.257812500000e-01
 20   -9.257812500000e-01    -9.218750000000e-01
 21   -9.218750000000e-01    -9.179687500000e-01
 22   -9.179687500000e-01    -9.140625000000e-01
 23   -9.140625000000e-01    -9.101562500000e-01
 24   -9.101562500000e-01    -9.062500000000e-01
 25   -9.062500000000e-01    -9.023437500000e-01
 26   -9.023437500000e-01    -8.984375000000e-01
 27   -8.984375000000e-01    -8.945312500000e-01
 28   -8.945312500000e-01    -8.906250000000e-01
 29   -8.906250000000e-01    -8.867187500000e-01
 30   -8.867187500000e-01    -8.828125000000e-01
 31   -8.828125000000e-01    -8.789062500000e-01
 32   -8.789062500000e-01    -8.750000000000e-01
 33   -8.750000000000e-01    -8.710937500000e-01
 34   -8.710937500000e-01    -8.671875000000e-01
 35   -8.671875000000e-01    -8.632812500000e-01
 36   -8.632812500000e-01    -8.593750000000e-01
 37   -8.593750000000e-01    -8.554687500000e-01
 38   -8.554687500000e-01    -8.515625000000e-01
 39   -8.515625000000e-01    -8.476562500000e-01
 40   -8.476562500000e-01    -8.437500000000e-01
 41   -8.437500000000e-01    -8.398437500000e-01
 42   -8.398437500000e-01    -8.359375000000e-01
 43   -8.359375000000e-01    -8.320312500000e-01
 44   -8.320312500000e-01    -8.281250000000e-01
 45   -8.281250000000e-01    -8.242187500000e-01
 46   -8.242187500000e-01    -8.203125000000e-01
 47   -8.203125000000e-01    -8.164062500000e-01
 48   -8.164062500000e-01    -8.125000000000e-01
 49   -8.125000000000e-01    -8.085937500000e-01
 50   -8.085937500000e-01    -8.046875000000e-01
 51   -8.046875000000e-01    -8.007812500000e-01
 52   -8.007812500000e-01    -7.968750000000e-01
 53   -7.968750000000e-01    -7.929687500000e-01
 54   -7.929687500000e-01    -7.890625000000e-01
 55   -7.890625000000e-01    -7.851562500000e-01
 56   -7.851562500000e-01    -7.812500000000e-01
 57   -7.812500000000e-01    -7.773437500000e-01
 58   -7.773437500000e-01    -7.734375000000e-01
 59   -7.734375000000e-01    -7.695312500000e-01
 60   -7.695312500000e-01    -7.656250000000e-01
 61   -7.656250000000e-01    -7.617187500000e-01
 62   -7.617187500000e-01    -7.578125000000e-01
 63   -7.578125000000e-01    -7.539062500000e-01
 64   -7.539062500000e-01    -7.500000000000e-01
 65   -7.500000000000e-01    -7.460937500000e-01
 66   -7.460937500000e-01    -7.421875000000e-01
 67   -7.421875000000e-01    -7.382812500000e-01
 68   -7.382812500000e-01    -7.343750000000e-01
 69   -7.343750000000e-01    -7.304687500000e-01
 70   -7.304687500000e-01    -7.265625000000e-01
 71   -7.265625000000e-01    -7.226562500000e-01
 72   -7.226562500000e-01    -7.187500000000e-01
 73   -7.187500000000e-01    -7.148437500000e-01
 74   -7.148437500000e-01    -7.109375000000e-01
 75   -7.109375000000e-01    -7.070312500000e-01
 76   -7.070312500000e-01    -7.031250000000e-01
 77   -7.031250000000e-01    -6.992187500000e-01
 78   -6.992187500000e-01    -6.953125000000e-01
 79   -6.953125000000e-01    -6.914062500000e-01
 80   -6.914062500000e-01    -6.875000000000e-01
 81   -6.875000000000e-01    -6.835937500000e-01
 82   -6.835937500000e-01    -6.796875000000e-01
 83   -6.796875000000e-01    -6.757812500000e-01
 84   -6.757812500000e-01    -6.718750000000e-01
 85   -6.718750000000e-01    -6.679687500000e-01
 86   -6.679687500000e-01    -6.640625000000e-01
 87   -6.640625000000e-01    -6.601562500000e-01
 88   -6.601562500000e-01    -6.562500000000e-01
 89   -6.562500000000e-01    -6.523437500000e-01
 90   -6.523437500000e-01    -6.484375000000e-01
 91   -6.484375000000e-01    -6.445312500000e-01
 92   -6.445312500000e-01    -6.406250000000e-01
 93   -6.406250000000e-01    -6.367187500000e-01
 94   -6.367187500000e-01    -6.328125000000e-01
 95   -6.328125000000e-01    -6.289062500000e-01
 96   -6.289062500000e-01    -6.250000000000e-01
 97   -6.250000000000e-01    -6.210937500000e-01
 98   -6.210937500000e-01    -6.171875000000e-01
 99   -6.171875000000e-01    -6.132812500000e-01
 100   -6.132812500000e-01    -6.093750000000e-01
 101   -6.093750000000e-01    -6.054687500000e-01
 102   -6.054687500000e-01    -6.015625000000e-01
 103   -6.015625000000e-01    -5.976562500000e-01
 104   -5.976562500000e-01    -5.937500000000e-01
 105   -5.937500000000e-01    -5.898437500000e-01
 106   -5.898437500000e-01    -5.859375000000e-01
 107   -5.859375000000e-01    -5.820312500000e-01
 108   -5.820312500000e-01    -5.781250000000e-01
 109   -5.781250000000e-01    -5.742187500000e-01
 110   -5.742187500000e-01    -5.703125000000e-01
 111   -5.703125000000e-01    -5.664062500000e-01
 112   -5.664062500000e-01    -5.625000000000e-01
 113   -5.625000000000e-01    -5.585937500000e-01
 114   -5.585937500000e-01    -5.546875000000e-01
 115   -5.546875000000e-01    -5.507812500000e-01
 116   -5.507812500000e-01    -5.468750000000e-01
 117   -5.468750000000e-01    -5.429687500000e-01
 118   -5.429687500000e-01    -5.390625000000e-01
 119   -5.390625000000e-01    -5.351562500000e-01
 120   -5.351562500000e-01    -5.312500000000e-01
 121   -5.312500000000e-01    -5.273437500000e-01
 122   -5.273437500000e-01    -5.234375000000e-01
 123   -5.234375000000e-01    -5.195312500000e-01
 124   -5.195312500000e-01    -5.156250000000e-01
 125   -5.156250000000e-01    -5.117187500000e-01
 126   -5.117187500000e-01    -5.078125000000e-01
 127   -5.078125000000e-01    -5.039062500000e-01
 128   -5.039062500000e-01    -5.000000000000e-01
 129   -5.000000000000e-01    -4.960937500000e-01
 130   -4.960937500000e-01    -4.921875000000e-01
 131   -4.921875000000e-01    -4.882812500000e-01
 132   -4.882812500000e-01    -4.843750000000e-01
 133   -4.843750000000e-01    -4.804687500000e-01
 134   -4.804687500000e-01    -4.765625000000e-01
 135   -4.765625000000e-01    -4.726562500000e-01
 136   -4.726562500000e-01    -4.687500000000e-01
 137   -4.687500000000e-01    -4.648437500000e-01
 138   -4.648437500000e-01    -4.609375000000e-01
 139   -4.609375000000e-01    -4.570312500000e-01
 140   -4.570312500000e-01    -4.531250000000e-01
 141   -4.531250000000e-01    -4.492187500000e-01
 142   -4.492187500000e-01    -4.453125000000e-01
 143   -4.453125000000e-01    -4.414062500000e-01
 144   -4.414062500000e-01    -4.375000000000e-01
 145   -4.375000000000e-01    -4.335937500000e-01
 146   -4.335937500000e-01    -4.296875000000e-01
 147   -4.296875000000e-01    -4.257812500000e-01
 148   -4.257812500000e-01    -4.218750000000e-01
 149   -4.218750000000e-01    -4.179687500000e-01
 150   -4.179687500000e-01    -4.140625000000e-01
 151   -4.140625000000e-01    -4.101562500000e-01
 152   -4.101562500000e-01    -4.062500000000e-01
 153   -4.062500000000e-01    -4.023437500000e-01
 154   -4.023437500000e-01    -3.984375000000e-01
 155   -3.984375000000e-01    -3.945312500000e-01
 156   -3.945312500000e-01    -3.906250000000e-01
 157   -3.906250000000e-01    -3.867187500000e-01
 158   -3.867187500000e-01    -3.828125000000e-01
 159   -3.828125000000e-01    -3.789062500000e-01
 160   -3.789062500000e-01    -3.750000000000e-01
 161   -3.750000000000e-01    -3.710937500000e-01
 162   -3.710937500000e-01    -3.671875000000e-01
 163   -3.671875000000e-01    -3.632812500000e-01
 164   -3.632812500000e-01    -3.593750000000e-01
 165   -3.593750000000e-01    -3.554687500000e-01
 166   -3.554687500000e-01    -3.515625000000e-01
 167   -3.515625000000e-01    -3.476562500000e-01
 168   -3.476562500000e-01    -3.437500000000e-01
 169   -3.437500000000e-01    -3.398437500000e-01
 170   -3.398437500000e-01    -3.359375000000e-01
 171   -3.359375000000e-01    -3.320312500000e-01
 172   -3.320312500000e-01    -3.281250000000e-01
 173   -3.281250000000e-01    -3.242187500000e-01
 174   -3.242187500000e-01    -3.203125000000e-01
 175   -3.203125000000e-01    -3.164062500000e-01
 176   -3.164062500000e-01    -3.125000000000e-01
 177   -3.125000000000e-01    -3.085937500000e-01
 178   -3.085937500000e-01    -3.046875000000e-01
 179   -3.046875000000e-01    -3.007812500000e-01
 180   -3.007812500000e-01    -2.968750000000e-01
 181   -2.968750000000e-01    -2.929687500000e-01
 182   -2.929687500000e-01    -2.890625000000e-01
 183   -2.890625000000e-01    -2.851562500000e-01
 184   -2.851562500000e-01    -2.812500000000e-01
 185   -2.812500000000e-01    -2.773437500000e-01
 186   -2.773437500000e-01    -2.734375000000e-01
 187   -2.734375000000e-01    -2.695312500000e-01
 188   -2.695312500000e-01    -2.656250000000e-01
 189   -2.656250000000e-01    -2.617187500000e-01
 190   -2.617187500000e-01    -2.578125000000e-01
 191   -2.578125000000e-01    -2.539062500000e-01
 192   -2.539062500000e-01    -2.500000000000e-01
 193   -2.500000000000e-01    -2.460937500000e-01
 194   -2.460937500000e-01    -2.421875000000e-01
 195   -2.421875000000e-01    -2.382812500000e-01
 196   -2.382812500000e-01    -2.343750000000e-01
 197   -2.343750000000e-01    -2.304687500000e-01
 198   -2.304687500000e-01    -2.265625000000e-01
 199   -2.265625000000e-01    -2.226562500000e-01
 200   -2.226562500000e-01    -2.187500000000e-01
 201   -2.187500000000e-01    -2.148437500000e-01
 202   -2.148437500000e-01    -2.109375000000e-01
 203   -2.109375000000e-01    -2.070312500000e-01
 204   -2.070312500000e-01    -2.031250000000e-01
 205   -2.031250000000e-01    -1.992187500000e-01
 206   -1.992187500000e-01    -1.953125000000e-01
 207   -1.953125000000e-01    -1.914062500000e-01
 208   -1.914062500000e-01    -1.875000000000e-01
 209   -1.875000000000e-01    -1.835937500000e-01
 210   -1.835937500000e-01    -1.796875000000e-01
 211   -1.796875000000e-01    -1.757812500000e-01
 212   -1.757812500000e-01    -1.718750000000e-01
 213   -1.718750000000e-01    -1.679687500000e-01
 214   -1.679687500000e-01    -1.640625000000e-01
 215   -1.640625000000e-01    -1.601562500000e-01
 216   -1.601562500000e-01    -1.562500000000e-01
 217   -1.562500000000e-01    -1.523437500000e-01
 218   -1.523437500000e-01    -1.484375000000e-01
 219   -1.484375000000e-01    -1.445312500000e-01
 220   -1.445312500000e-01    -1.406250000000e-01
 221   -1.406250000000e-01    -1.367187500000e-01
 222   -1.367187500000e-01    -1.328125000000e-01
 223   -1.328125000000e-01    -1.289062500000e-01
 224   -1.289062500000e-01    -1.250000000000e-01
 225   -1.250000000000e-01    -1.210937500000e-01
 226   -1.210937500000e-01    -1.171875000000e-01
 227   -1.171875000000e-01    -1.132812500000e-01
 228   -1.132812500000e-01    -1.093750000000e-01
 229   -1.093750000000e-01    -1.054687500000e-01
 230   -1.054687500000e-01    -1.015625000000e-01
 231   -1.015625000000e-01    -9.765625000000e-02
 232   -9.765625000000e-02    -9.375000000000e-02
 233   -9.375000000000e-02    -8.984375000000e-02
 234   -8.984375000000e-02    -8.593750000000e-02
 235   -8.593750000000e-02    -8.203125000000e-02
 236   -8.203125000000e-02    -7.812500000000e-02
 237   -7.812500000000e-02    -7.421875000000e-02
 238   -7.421875000000e-02    -7.031250000000e-02
 239   -7.031250000000e-02    -6.640625000000e-02
 240   -6.640625000000e-02    -6.250000000000e-02
 241   -6.250000000000e-02    -5.859375000000e-02
 242   -5.859375000000e-02    -5.468750000000e-02
 243   -5.468750000000e-02    -5.078125000000e-02
 244   -5.078125000000e-02    -4.687500000000e-02
 245   -4.687500000000e-02    -4.296875000000e-02
 246   -4.296875000000e-02    -3.906250000000e-02
 247   -3.906250000000e-02    -3.515625000000e-02
 248   -3.515625000000e-02    -3.125000000000e-02
 249   -3.125000000000e-02    -2.734375000000e-02
 250   -2.734375000000e-02    -2.343750000000e-02
 251   -2.343750000000e-02    -1.953125000000e-02
 252   -1.953125000000e-02    -1.562500000000e-02
 253   -1.562500000000e-02    -1.171875000000e-02
 254   -1.171875000000e-02    -7.812500000000e-03
 255   -7.812500000000e-03    -3.906250000000e-03
 256   -3.906250000000e-03    0.000000000000e+00
 257   0.000000000000e+00    3.906250000000e-03
 258   3.906250000000e-03    7.812500000000e-03
 259   7.812500000000e-03    1.171875000000e-02
 260   1.171875000000e-02    1.562500000000e-02
 261   1.562500000000e-02    1.953125000000e-02
 262   1.953125000000e-02    2.343750000000e-02
 263   2.343750000000e-02    2.734375000000e-02
 264   2.734375000000e-02    3.125000000000e-02
 265   3.125000000000e-02    3.515625000000e-02
 266   3.515625000000e-02    3.906250000000e-02
 267   3.906250000000e-02    4.296875000000e-02
 268   4.296875000000e-02    4.687500000000e-02
 269   4.687500000000e-02    5.078125000000e-02
 270   5.078125000000e-02    5.468750000000e-02
 271   5.468750000000e-02    5.859375000000e-02
 272   5.859375000000e-02    6.250000000000e-02
 273   6.250000000000e-02    6.640625000000e-02
 274   6.640625000000e-02    7.031250000000e-02
 275   7.031250000000e-02    7.421875000000e-02
 276   7.421875000000e-02    7.812500000000e-02
 277   7.812500000000e-02    8.203125000000e-02
 278   8.203125000000e-02    8.593750000000e-02
 279   8.593750000000e-02    8.984375000000e-02
 280   8.984375000000e-02    9.375000000000e-02
 281   9.375000000000e-02    9.765625000000e-02
 282   9.765625000000e-02    1.015625000000e-01
 283   1.015625000000e-01    1.054687500000e-01
 284   1.054687500000e-01    1.093750000000e-01
 285   1.093750000000e-01    1.132812500000e-01
 286   1.132812500000e-01    1.171875000000e-01
 287   1.171875000000e-01    1.210937500000e-01
 288   1.210937500000e-01    1.250000000000e-01
 289   1.250000000000e-01    1.289062500000e-01
 290   1.289062500000e-01    1.328125000000e-01
 291   1.328125000000e-01    1.367187500000e-01
 292   1.367187500000e-01    1.406250000000e-01
 293   1.406250000000e-01    1.445312500000e-01
 294   1.445312500000e-01    1.484375000000e-01
 295   1.484375000000e-01    1.523437500000e-01
 296   1.523437500000e-01    1.562500000000e-01
 297   1.562500000000e-01    1.601562500000e-01
 298   1.601562500000e-01    1.640625000000e-01
 299   1.640625000000e-01    1.679687500000e-01
 300   1.679687500000e-01    1.718750000000e-01
 301   1.718750000000e-01    1.757812500000e-01
 302   1.757812500000e-01    1.796875000000e-01
 303   1.796875000000e-01    1.835937500000e-01
 304   1.835937500000e-01    1.875000000000e-01
 305   1.875000000000e-01    1.914062500000e-01
 306   1.914062500000e-01    1.953125000000e-01
 307   1.953125000000e-01    1.992187500000e-01
 308   1.992187500000e-01    2.031250000000e-01
 309   2.031250000000e-01    2.070312500000e-01
 310   2.070312500000e-01    2.109375000000e-01
 311   2.109375000000e-01    2.148437500000e-01
 312   2.148437500000e-01    2.187500000000e-01
 313   2.187500000000e-01    2.226562500000e-01
 314   2.226562500000e-01    2.265625000000e-01
 315   2.265625000000e-01    2.304687500000e-01
 316   2.304687500000e-01    2.343750000000e-01
 317   2.343750000000e-01    2.382812500000e-01
 318   2.382812500000e-01    2.421875000000e-01
 319   2.421875000000e-01    2.460937500000e-01
 320   2.460937500000e-01    2.500000000000e-01
 321   2.500000000000e-01    2.539062500000e-01
 322   2.539062500000e-01    2.578125000000e-01
 323   2.578125000000e-01    2.617187500000e-01
 324   2.617187500000e-01    2.656250000000e-01
 325   2.656250000000e-01    2.695312500000e-01
 326   2.695312500000e-01    2.734375000000e-01
 327   2.734375000000e-01    2.773437500000e-01
 328   2.773437500000e-01    2.812500000000e-01
 329   2.812500000000e-01    2.851562500000e-01
 330   2.851562500000e-01    2.890625000000e-01
 331   2.890625000000e-01    2.929687500000e-01
 332   2.929687500000e-01    2.968750000000e-01
 333   2.968750000000e-01    3.007812500000e-01
 334   3.007812500000e-01    3.046875000000e-01
 335   3.046875000000e-01    3.085937500000e-01
 336   3.085937500000e-01    3.125000000000e-01
 337   3.125000000000e-01    3.164062500000e-01
 338   3.164062500000e-01    3.203125000000e-01
 339   3.203125000000e-01    3.242187500000e-01
 340   3.242187500000e-01    3.281250000000e-01
 341   3.281250000000e-01    3.320312500000e-01
 342   3.320312500000e-01    3.359375000000e-01
 343   3.359375000000e-01    3.398437500000e-01
 344   3.398437500000e-01    3.437500000000e-01
 345   3.437500000000e-01    3.476562500000e-01
 346   3.476562500000e-01    3.515625000000e-01
 347   3.515625000000e-01    3.554687500000e-01
 348   3.554687500000e-01    3.593750000000e-01
 349   3.593750000000e-01    3.632812500000e-01
 350   3.632812500000e-01    3.671875000000e-01
 351   3.671875000000e-01    3.710937500000e-01
 352   3.710937500000e-01    3.750000000000e-01
 353   3.750000000000e-01    3.789062500000e-01
 354   3.789062500000e-01    3.828125000000e-01
 355   3.828125000000e-01    3.867187500000e-01
 356   3.867187500000e-01    3.906250000000e-01
 357   3.906250000000e-01    3.945312500000e-01
 358   3.945312500000e-01    3.984375000000e-01
 359   3.984375000000e-01    4.023437500000e-01
 360   4.023437500000e-01    4.062500000000e-01
 361   4.062500000000e-01    4.101562500000e-01
 362   4.101562500000e-01    4.140625000000e-01
 363   4.140625000000e-01    4.179687500000e-01
 364   4.179687500000e-01    4.218750000000e-01
 365   4.218750000000e-01    4.257812500000e-01
 366   4.257812500000e-01    4.296875000000e-01
 367   4.296875000000e-01    4.335937500000e-01
 368   4.335937500000e-01    4.375000000000e-01
 369   4.375000000000e-01    4.414062500000e-01
 370   4.414062500000e-01    4.453125000000e-01
 371   4.453125000000e-01    4.492187500000e-01
 372   4.492187500000e-01    4.531250000000e-01
 373   4.531250000000e-01    4.570312500000e-01
 374   4.570312500000e-01    4.609375000000e-01
 375   4.609375000000e-01    4.648437500000e-01
 376   4.648437500000e-01    4.687500000000e-01
 377   4.687500000000e-01    4.726562500000e-01
 378   4.726562500000e-01    4.765625000000e-01
 379   4.765625000000e-01    4.804687500000e-01
 380   4.804687500000e-01    4.843750000000e-01
 381   4.843750000000e-01    4.882812500000e-01
 382   4.882812500000e-01    4.921875000000e-01
 383   4.921875000000e-01    4.960937500000e-01
 384   4.960937500000e-01    5.000000000000e-01
 385   5.000000000000e-01    5.039062500000e-01
 386   5.039062500000e-01    5.078125000000e-01
 387   5.078125000000e-01    5.117187500000e-01
 388   5.117187500000e-01    5.156250000000e-01
 389   5.156250000000e-01    5.195312500000e-01
 390   5.195312500000e-01    5.234375000000e-01
 391   5.234375000000e-01    5.273437500000e-01
 392   5.273437500000e-01    5.312500000000e-01
 393   5.312500000000e-01    5.351562500000e-01
 394   5.351562500000e-01    5.390625000000e-01
 395   5.390625000000e-01    5.429687500000e-01
 396   5.429687500000e-01    5.468750000000e-01
 397   5.468750000000e-01    5.507812500000e-01
 398   5.507812500000e-01    5.546875000000e-01
 399   5.546875000000e-01    5.585937500000e-01
 400   5.585937500000e-01    5.625000000000e-01
 401   5.625000000000e-01    5.664062500000e-01
 402   5.664062500000e-01    5.703125000000e-01
 403   5.703125000000e-01    5.742187500000e-01
 404   5.742187500000e-01    5.781250000000e-01
 405   5.781250000000e-01    5.820312500000e-01
 406   5.820312500000e-01    5.859375000000e-01
 407   5.859375000000e-01    5.898437500000e-01
 408   5.898437500000e-01    5.937500000000e-01
 409   5.937500000000e-01    5.976562500000e-01
 410   5.976562500000e-01    6.015625000000e-01
 411   6.015625000000e-01    6.054687500000e-01
 412   6.054687500000e-01    6.093750000000e-01
 413   6.093750000000e-01    6.132812500000e-01
 414   6.132812500000e-01    6.171875000000e-01
 415   6.171875000000e-01    6.210937500000e-01
 416   6.210937500000e-01    6.250000000000e-01
 417   6.250000000000e-01    6.289062500000e-01
 418   6.289062500000e-01    6.328125000000e-01
 419   6.328125000000e-01    6.367187500000e-01
 420   6.367187500000e-01    6.406250000000e-01
 421   6.406250000000e-01    6.445312500000e-01
 422   6.445312500000e-01    6.484375000000e-01
 423   6.484375000000e-01    6.523437500000e-01
 424   6.523437500000e-01    6.562500000000e-01
 425   6.562500000000e-01    6.601562500000e-01
 426   6.601562500000e-01    6.640625000000e-01
 427   6.640625000000e-01    6.679687500000e-01
 428   6.679687500000e-01    6.718750000000e-01
 429   6.718750000000e-01    6.757812500000e-01
 430   6.757812500000e-01    6.796875000000e-01
 431   6.796875000000e-01    6.835937500000e-01
 432   6.835937500000e-01    6.875000000000e-01
 433   6.875000000000e-01    6.914062500000e-01
 434   6.914062500000e-01    6.953125000000e-01
 435   6.953125000000e-01    6.992187500000e-01
 436   6.992187500000e-01    7.031250000000e-01
 437   7.031250000000e-01    7.070312500000e-01
 438   7.070312500000e-01    7.109375000000e-01
 439   7.109375000000e-01    7.148437500000e-01
 440   7.148437500000e-01    7.187500000000e-01
 441   7.187500000000e-01    7.226562500000e-01
 442   7.226562500000e-01    7.265625000000e-01
 443   7.265625000000e-01    7.304687500000e-01
 444   7.304687500000e-01    7.343750000000e-01
 445   7.343750000000e-01    7.382812500000e-01
 446   7.382812500000e-01    7.421875000000e-01
 447   7.421875000000e-01    7.460937500000e-01
 448   7.460937500000e-01    7.500000000000e-01
 449   7.500000000000e-01    7.539062500000e-01
 450   7.539062500000e-01    7.578125000000e-01
 451   7.578125000000e-01    7.617187500000e-01
 452   7.617187500000e-01    7.656250000000e-01
 453   7.656250000000e-01    7.695312500000e-01
 454   7.695312500000e-01    7.734375000000e-01
 455   7.734375000000e-01    7.773437500000e-01
 456   7.773437500000e-01    7.812500000000e-01
 457   7.812500000000e-01    7.851562500000e-01
 458   7.851562500000e-01    7.890625000000e-01
 459   7.890625000000e-01    7.929687500000e-01
 460   7.929687500000e-01    7.968750000000e-01
 461   7.968750000000e-01    8.007812500000e-01
 462   8.007812500000e-01    8.046875000000e-01
 463   8.046875000000e-01    8.085937500000e-01
 464   8.085937500000e-01    8.125000000000e-01
 465   8.125000000000e-01    8.164062500000e-01
 466   8.164062500000e-01    8.203125000000e-01
 467   8.203125000000e-01    8.242187500000e-01
 468   8.242187500000e-01    8.281250000000e-01
 469   8.281250000000e-01    8.320312500000e-01
 470   8.320312500000e-01    8.359375000000e-01
 471   8.359375000000e-01    8.398437500000e-01
 472   8.398437500000e-01    8.437500000000e-01
 473   8.437500000000e-01    8.476562500000e-01
 474   8.476562500000e-01    8.515625000000e-01
 475   8.515625000000e-01    8.554687500000e-01
 476   8.554687500000e-01    8.593750000000e-01
 477   8.593750000000e-01    8.632812500000e-01
 478   8.632812500000e-01    8.671875000000e-01
 479   8.671875000000e-01    8.710937500000e-01
 480   8.710937500000e-01    8.750000000000e-01
 481   8.750000000000e-01    8.789062500000e-01
 482   8.789062500000e-01    8.828125000000e-01
 483   8.828125000000e-01    8.867187500000e-01
 484   8.867187500000e-01    8.906250000000e-01
 485   8.906250000000e-01    8.945312500000e-01
 486   8.945312500000e-01    8.984375000000e-01
 487   8.984375000000e-01    9.023437500000e-01
 488   9.023437500000e-01    9.062500000000e-01
 489   9.062500000000e-01    9.101562500000e-01
 490   9.101562500000e-01    9.140625000000e-01
 491   9.140625000000e-01    9.179687500000e-01
 492   9.179687500000e-01    9.218750000000e-01
 493   9.218750000000e-01    9.257812500000e-01
 494   9.257812500000e-01    9.296875000000e-01
 495   9.296875000000e-01    9.335937500000e-01
 496   9.335937500000e-01    9.375000000000e-01
 497   9.375000000000e-01    9.414062500000e-01
 498   9.414062500000e-01    9.453125000000e-01
 499   9.453125000000e-01    9.492187500000e-01
 500   9.492187500000e-01    9.531250000000e-01
 501   9.531250000000e-01    9.570312500000e-01
 502   9.570312500000e-01    9.609375000000e-01
 503   9.609375000000e-01    9.648437500000e-01
 504   9.648437500000e-01    9.687500000000e-01
 505   9.687500000000e-01    9.726562500000e-01
 506   9.726562500000e-01    9.765625000000e-01
 507   9.765625000000e-01    9.804687500000e-01
 508   9.804687500000e-01    9.843750000000e-01
 509   9.843750000000e-01    9.882812500000e-01
 510   9.882812500000e-01    9.921875000000e-01
 511   9.921875000000e-01    9.960937500000e-01
 512   9.960937500000e-01    1.000000000000e+00
1 
 1   -5.000000000000e-01    5.000000000000e-01
